\BOOKMARK [1][-]{section.1}{Verzeichnisstruktur}{}% 1
\BOOKMARK [1][-]{section.2}{Schnellstart}{}% 2
\BOOKMARK [1][-]{section.3}{main.m}{}% 3
\BOOKMARK [2][-]{subsection.3.1}{Wärmestromdichte grafisch darstellen}{section.3}% 4
\BOOKMARK [2][-]{subsection.3.2}{Drehung des Voxel-Modells}{section.3}% 5
\BOOKMARK [2][-]{subsection.3.3}{Voxel-Modell grafisch darstellen}{section.3}% 6
\BOOKMARK [2][-]{subsection.3.4}{Video der Simulation erstellen}{section.3}% 7
\BOOKMARK [2][-]{subsection.3.5}{Eigenwerte der Temperaturmatrix bestimmen}{section.3}% 8
\BOOKMARK [2][-]{subsection.3.6}{Excel-Datei als Latex Tabelle exportieren}{section.3}% 9
\BOOKMARK [1][-]{section.4}{Laser model}{}% 10
\BOOKMARK [2][-]{subsection.4.1}{getLaserParameter}{section.4}% 11
\BOOKMARK [1][-]{section.5}{Latex}{}% 12
\BOOKMARK [1][-]{section.6}{Material model}{}% 13
\BOOKMARK [1][-]{section.7}{Plots}{}% 14
\BOOKMARK [1][-]{section.8}{Reports}{}% 15
\BOOKMARK [1][-]{section.9}{STL file}{}% 16
\BOOKMARK [1][-]{section.10}{Thermal model}{}% 17
\BOOKMARK [2][-]{subsection.10.1}{getThermalParameter}{section.10}% 18
\BOOKMARK [1][-]{section.11}{Useful functions}{}% 19
\BOOKMARK [2][-]{subsection.11.1}{plotSimulation}{section.11}% 20
\BOOKMARK [1][-]{section.12}{Ablauf Simulation}{}% 21
